# JRE version: Java(TM) SE Runtime Environment (22.0.2+9) (build 22.0.2+9-70)
# Java VM: Java HotSpot(TM) 64-Bit Server VM (22.0.2+9-70, mixed mode, sharing, tiered, compressed oops, compressed class ptrs, g1 gc, windows-amd64)
GC Precious Log:
 CardTable entry size: 512
 Card Set container configuration: InlinePtr #cards 5 size 8 Array Of Cards #cards 12 size 40 Howl #buckets 4 coarsen threshold 1843 Howl Bitmap #cards 512 size 80 coarsen threshold 460 Card regions per heap region 1 cards per card region 2048
 CPUs: 4 total, 4 available
 Memory: 7879M
 Large Page Support: Disabled
 NUMA Support: Disabled
 Compressed Oops: Enabled (32-bit)
 Heap Region Size: 1M
 Heap Min Capacity: 8M
 Heap Initial Capacity: 124M
 Heap Max Capacity: 1970M
 Pre-touch: Disabled
 Parallel Workers: 4
 Concurrent Workers: 1
 Concurrent Refinement Workers: 4
 Periodic GC: Disabled
Heap:
 garbage-first heap   total reserved 2017280K, committed 71680K, used 43841K [0x0000000084e00000, 0x0000000100000000)
  region size 1024K, 10 young (10240K), 1 survivors (1024K)
 Metaspace       used 89941K, committed 90752K, reserved 1179648K
  class space    used 11885K, committed 12288K, reserved 1048576K
GC Heap History (20 events):
Event: 17842.542 GC heap before
{Heap before GC invocations=82 (full 1):
 garbage-first heap   total reserved 2017280K, committed 71680K, used 62931K [0x0000000084e00000, 0x0000000100000000)
  region size 1024K, 29 young (29696K), 2 survivors (2048K)
 Metaspace       used 89769K, committed 90560K, reserved 1179648K
  class space    used 11883K, committed 12288K, reserved 1048576K
}
Event: 17842.552 GC heap after
{Heap after GC invocations=83 (full 1):
 garbage-first heap   total reserved 2017280K, committed 71680K, used 36357K [0x0000000084e00000, 0x0000000100000000)
  region size 1024K, 2 young (2048K), 2 survivors (2048K)
 Metaspace       used 89769K, committed 90560K, reserved 1179648K
  class space    used 11883K, committed 12288K, reserved 1048576K
}
Event: 18095.211 GC heap before
{Heap before GC invocations=83 (full 1):
 garbage-first heap   total reserved 2017280K, committed 71680K, used 64005K [0x0000000084e00000, 0x0000000100000000)
  region size 1024K, 29 young (29696K), 2 survivors (2048K)
 Metaspace       used 89821K, committed 90624K, reserved 1179648K
  class space    used 11883K, committed 12288K, reserved 1048576K
}
Event: 18095.269 GC heap after
{Heap after GC invocations=84 (full 1):
 garbage-first heap   total reserved 2017280K, committed 71680K, used 35696K [0x0000000084e00000, 0x0000000100000000)
  region size 1024K, 1 young (1024K), 1 survivors (1024K)
 Metaspace       used 89821K, committed 90624K, reserved 1179648K
  class space    used 11883K, committed 12288K, reserved 1048576K
}
Event: 18373.498 GC heap before
{Heap before GC invocations=84 (full 1):
 garbage-first heap   total reserved 2017280K, committed 71680K, used 65392K [0x0000000084e00000, 0x0000000100000000)
  region size 1024K, 31 young (31744K), 1 survivors (1024K)
 Metaspace       used 89842K, committed 90624K, reserved 1179648K
  class space    used 11883K, committed 12288K, reserved 1048576K
}
Event: 18373.517 GC heap after
{Heap after GC invocations=85 (full 1):
 garbage-first heap   total reserved 2017280K, committed 71680K, used 36068K [0x0000000084e00000, 0x0000000100000000)
  region size 1024K, 2 young (2048K), 2 survivors (2048K)
 Metaspace       used 89842K, committed 90624K, reserved 1179648K
  class space    used 11883K, committed 12288K, reserved 1048576K
}
Event: 18594.265 GC heap before
{Heap before GC invocations=86 (full 1):
 garbage-first heap   total reserved 2017280K, committed 71680K, used 63716K [0x0000000084e00000, 0x0000000100000000)
  region size 1024K, 29 young (29696K), 2 survivors (2048K)
 Metaspace       used 89867K, committed 90624K, reserved 1179648K
  class space    used 11883K, committed 12288K, reserved 1048576K
}
Event: 18594.290 GC heap after
{Heap after GC invocations=87 (full 1):
 garbage-first heap   total reserved 2017280K, committed 71680K, used 36168K [0x0000000084e00000, 0x0000000100000000)
  region size 1024K, 2 young (2048K), 2 survivors (2048K)
 Metaspace       used 89867K, committed 90624K, reserved 1179648K
  class space    used 11883K, committed 12288K, reserved 1048576K
}
Event: 18847.480 GC heap before
{Heap before GC invocations=87 (full 1):
 garbage-first heap   total reserved 2017280K, committed 71680K, used 62792K [0x0000000084e00000, 0x0000000100000000)
  region size 1024K, 29 young (29696K), 2 survivors (2048K)
 Metaspace       used 89868K, committed 90624K, reserved 1179648K
  class space    used 11883K, committed 12288K, reserved 1048576K
}
Event: 18847.596 GC heap after
{Heap after GC invocations=88 (full 1):
 garbage-first heap   total reserved 2017280K, committed 71680K, used 35318K [0x0000000084e00000, 0x0000000100000000)
  region size 1024K, 1 young (1024K), 1 survivors (1024K)
 Metaspace       used 89868K, committed 90624K, reserved 1179648K
  class space    used 11883K, committed 12288K, reserved 1048576K
}
Event: 19120.647 GC heap before
{Heap before GC invocations=88 (full 1):
 garbage-first heap   total reserved 2017280K, committed 71680K, used 66038K [0x0000000084e00000, 0x0000000100000000)
  region size 1024K, 31 young (31744K), 1 survivors (1024K)
 Metaspace       used 89890K, committed 90624K, reserved 1179648K
  class space    used 11883K, committed 12288K, reserved 1048576K
}
Event: 19121.010 GC heap after
{Heap after GC invocations=89 (full 1):
 garbage-first heap   total reserved 2017280K, committed 71680K, used 35408K [0x0000000084e00000, 0x0000000100000000)
  region size 1024K, 1 young (1024K), 1 survivors (1024K)
 Metaspace       used 89890K, committed 90624K, reserved 1179648K
  class space    used 11883K, committed 12288K, reserved 1048576K
}
Event: 19393.832 GC heap before
{Heap before GC invocations=90 (full 1):
 garbage-first heap   total reserved 2017280K, committed 71680K, used 65104K [0x0000000084e00000, 0x0000000100000000)
  region size 1024K, 31 young (31744K), 1 survivors (1024K)
 Metaspace       used 89889K, committed 90624K, reserved 1179648K
  class space    used 11883K, committed 12288K, reserved 1048576K
}
Event: 19393.862 GC heap after
{Heap after GC invocations=91 (full 1):
 garbage-first heap   total reserved 2017280K, committed 71680K, used 35425K [0x0000000084e00000, 0x0000000100000000)
  region size 1024K, 1 young (1024K), 1 survivors (1024K)
 Metaspace       used 89889K, committed 90624K, reserved 1179648K
  class space    used 11883K, committed 12288K, reserved 1048576K
}
Event: 19686.902 GC heap before
{Heap before GC invocations=91 (full 1):
 garbage-first heap   total reserved 2017280K, committed 71680K, used 66145K [0x0000000084e00000, 0x0000000100000000)
  region size 1024K, 31 young (31744K), 1 survivors (1024K)
 Metaspace       used 89914K, committed 90624K, reserved 1179648K
  class space    used 11883K, committed 12288K, reserved 1048576K
}
Event: 19686.971 GC heap after
{Heap after GC invocations=92 (full 1):
 garbage-first heap   total reserved 2017280K, committed 71680K, used 35259K [0x0000000084e00000, 0x0000000100000000)
  region size 1024K, 1 young (1024K), 1 survivors (1024K)
 Metaspace       used 89914K, committed 90624K, reserved 1179648K
  class space    used 11883K, committed 12288K, reserved 1048576K
}
Event: 19978.952 GC heap before
{Heap before GC invocations=92 (full 1):
 garbage-first heap   total reserved 2017280K, committed 71680K, used 64955K [0x0000000084e00000, 0x0000000100000000)
  region size 1024K, 31 young (31744K), 1 survivors (1024K)
 Metaspace       used 89916K, committed 90624K, reserved 1179648K
  class space    used 11883K, committed 12288K, reserved 1048576K
}
Event: 19979.044 GC heap after
{Heap after GC invocations=93 (full 1):
 garbage-first heap   total reserved 2017280K, committed 71680K, used 35517K [0x0000000084e00000, 0x0000000100000000)
  region size 1024K, 1 young (1024K), 1 survivors (1024K)
 Metaspace       used 89916K, committed 90624K, reserved 1179648K
  class space    used 11883K, committed 12288K, reserved 1048576K
}
Event: 20338.619 GC heap before
{Heap before GC invocations=94 (full 1):
 garbage-first heap   total reserved 2017280K, committed 71680K, used 66237K [0x0000000084e00000, 0x0000000100000000)
  region size 1024K, 31 young (31744K), 1 survivors (1024K)
 Metaspace       used 89916K, committed 90624K, reserved 1179648K
  class space    used 11883K, committed 12288K, reserved 1048576K
}
Event: 20338.657 GC heap after
{Heap after GC invocations=95 (full 1):
 garbage-first heap   total reserved 2017280K, committed 71680K, used 35649K [0x0000000084e00000, 0x0000000100000000)
  region size 1024K, 1 young (1024K), 1 survivors (1024K)
 Metaspace       used 89916K, committed 90624K, reserved 1179648K
  class space    used 11883K, committed 12288K, reserved 1048576K
}

